nohup: ignoring input

> simts-frontend@0.0.0 dev
> vite --host 0.0.0.0


  VITE v5.4.21  ready in 1873 ms

  ➜  Local:   http://localhost:5173/
  ➜  Network: http://10.0.1.108:5173/
2:46:31 AM [vite] Pre-transform error: /workspaces/simts/frontend/src/App.jsx: `import` can only be used in `import()` or `import.meta`. (12:2)

  10 |   'Adulto mayor',
  11 |   'Migración y multiculturalidad',
> 12 |   import { useState, useEffect } from 'react'
     |   ^
  13 |   'Reinserción social'
  14 | ]
  15 |
2:46:40 AM [vite] http proxy error: /api/cases
AggregateError [ECONNREFUSED]: 
    at internalConnectMultiple (node:net:1134:18)
    at afterConnectMultiple (node:net:1715:7)
2:46:44 AM [vite] Internal server error: /workspaces/simts/frontend/src/App.jsx: `import` can only be used in `import()` or `import.meta`. (12:2)

  10 |   'Adulto mayor',
  11 |   'Migración y multiculturalidad',
> 12 |   import { useState, useEffect } from 'react'
     |   ^
  13 |   'Reinserción social'
  14 | ]
  15 |
  Plugin: vite:react-babel
  File: /workspaces/simts/frontend/src/App.jsx:12:2
  10 |    'Adulto mayor',
  11 |    'Migración y multiculturalidad',
  12 |    import { useState, useEffect } from 'react'
     |    ^
  13 |    'Reinserción social'
  14 |  ]
      at constructor (/workspaces/simts/frontend/node_modules/@babel/parser/lib/index.js:367:19)
      at JSXParserMixin.raise (/workspaces/simts/frontend/node_modules/@babel/parser/lib/index.js:6624:19)
      at JSXParserMixin.parseExprAtom (/workspaces/simts/frontend/node_modules/@babel/parser/lib/index.js:11363:16)
      at JSXParserMixin.parseExprAtom (/workspaces/simts/frontend/node_modules/@babel/parser/lib/index.js:4793:20)
      at JSXParserMixin.parseExprSubscripts (/workspaces/simts/frontend/node_modules/@babel/parser/lib/index.js:11145:23)
      at JSXParserMixin.parseUpdate (/workspaces/simts/frontend/node_modules/@babel/parser/lib/index.js:11130:21)
      at JSXParserMixin.parseMaybeUnary (/workspaces/simts/frontend/node_modules/@babel/parser/lib/index.js:11110:23)
      at JSXParserMixin.parseMaybeUnaryOrPrivate (/workspaces/simts/frontend/node_modules/@babel/parser/lib/index.js:10963:61)
      at JSXParserMixin.parseExprOps (/workspaces/simts/frontend/node_modules/@babel/parser/lib/index.js:10968:23)
      at JSXParserMixin.parseMaybeConditional (/workspaces/simts/frontend/node_modules/@babel/parser/lib/index.js:10945:23)
      at JSXParserMixin.parseMaybeAssign (/workspaces/simts/frontend/node_modules/@babel/parser/lib/index.js:10895:21)
      at /workspaces/simts/frontend/node_modules/@babel/parser/lib/index.js:10864:39
      at JSXParserMixin.allowInAnd (/workspaces/simts/frontend/node_modules/@babel/parser/lib/index.js:12500:12)
      at JSXParserMixin.parseMaybeAssignAllowIn (/workspaces/simts/frontend/node_modules/@babel/parser/lib/index.js:10864:17)
      at JSXParserMixin.parseMaybeAssignAllowInOrVoidPattern (/workspaces/simts/frontend/node_modules/@babel/parser/lib/index.js:12567:17)
      at JSXParserMixin.parseExprListItem (/workspaces/simts/frontend/node_modules/@babel/parser/lib/index.js:12249:18)
      at JSXParserMixin.parseExprList (/workspaces/simts/frontend/node_modules/@babel/parser/lib/index.js:12224:22)
      at JSXParserMixin.parseArrayLike (/workspaces/simts/frontend/node_modules/@babel/parser/lib/index.js:12131:26)
      at JSXParserMixin.parseExprAtom (/workspaces/simts/frontend/node_modules/@babel/parser/lib/index.js:11399:23)
      at JSXParserMixin.parseExprAtom (/workspaces/simts/frontend/node_modules/@babel/parser/lib/index.js:4793:20)
      at JSXParserMixin.parseExprSubscripts (/workspaces/simts/frontend/node_modules/@babel/parser/lib/index.js:11145:23)
      at JSXParserMixin.parseUpdate (/workspaces/simts/frontend/node_modules/@babel/parser/lib/index.js:11130:21)
      at JSXParserMixin.parseMaybeUnary (/workspaces/simts/frontend/node_modules/@babel/parser/lib/index.js:11110:23)
      at JSXParserMixin.parseMaybeUnaryOrPrivate (/workspaces/simts/frontend/node_modules/@babel/parser/lib/index.js:10963:61)
      at JSXParserMixin.parseExprOps (/workspaces/simts/frontend/node_modules/@babel/parser/lib/index.js:10968:23)
      at JSXParserMixin.parseMaybeConditional (/workspaces/simts/frontend/node_modules/@babel/parser/lib/index.js:10945:23)
      at JSXParserMixin.parseMaybeAssign (/workspaces/simts/frontend/node_modules/@babel/parser/lib/index.js:10895:21)
      at /workspaces/simts/frontend/node_modules/@babel/parser/lib/index.js:10864:39
      at JSXParserMixin.allowInAnd (/workspaces/simts/frontend/node_modules/@babel/parser/lib/index.js:12495:16)
      at JSXParserMixin.parseMaybeAssignAllowIn (/workspaces/simts/frontend/node_modules/@babel/parser/lib/index.js:10864:17)
      at JSXParserMixin.parseVar (/workspaces/simts/frontend/node_modules/@babel/parser/lib/index.js:13460:91)
      at JSXParserMixin.parseVarStatement (/workspaces/simts/frontend/node_modules/@babel/parser/lib/index.js:13306:10)
      at JSXParserMixin.parseStatementContent (/workspaces/simts/frontend/node_modules/@babel/parser/lib/index.js:12927:23)
      at JSXParserMixin.parseStatementLike (/workspaces/simts/frontend/node_modules/@babel/parser/lib/index.js:12843:17)
      at JSXParserMixin.parseModuleItem (/workspaces/simts/frontend/node_modules/@babel/parser/lib/index.js:12820:17)
      at JSXParserMixin.parseBlockOrModuleBlockBody (/workspaces/simts/frontend/node_modules/@babel/parser/lib/index.js:13392:36)
      at JSXParserMixin.parseBlockBody (/workspaces/simts/frontend/node_modules/@babel/parser/lib/index.js:13385:10)
      at JSXParserMixin.parseProgram (/workspaces/simts/frontend/node_modules/@babel/parser/lib/index.js:12698:10)
      at JSXParserMixin.parseTopLevel (/workspaces/simts/frontend/node_modules/@babel/parser/lib/index.js:12688:25)
      at JSXParserMixin.parse (/workspaces/simts/frontend/node_modules/@babel/parser/lib/index.js:14568:25)
      at parse (/workspaces/simts/frontend/node_modules/@babel/parser/lib/index.js:14602:38)
      at parser (/workspaces/simts/frontend/node_modules/@babel/core/lib/parser/index.js:41:34)
      at parser.next (<anonymous>)
      at normalizeFile (/workspaces/simts/frontend/node_modules/@babel/core/lib/transformation/normalize-file.js:64:37)
      at normalizeFile.next (<anonymous>)
      at run (/workspaces/simts/frontend/node_modules/@babel/core/lib/transformation/index.js:22:50)
      at run.next (<anonymous>)
      at transform (/workspaces/simts/frontend/node_modules/@babel/core/lib/transform.js:22:33)
      at transform.next (<anonymous>)
      at step (/workspaces/simts/frontend/node_modules/gensync/index.js:261:32)
2:49:00 AM [vite] Internal server error: /workspaces/simts/frontend/src/App.jsx: `import` can only be used in `import()` or `import.meta`. (12:2)

  10 |   'Adulto mayor',
  11 |   'Migración y multiculturalidad',
> 12 |   import { useState, useEffect } from 'react'
     |   ^
  13 |   'Reinserción social'
  14 | ]
  15 |
  Plugin: vite:react-babel
  File: /workspaces/simts/frontend/src/App.jsx:12:2
  10 |    'Adulto mayor',
  11 |    'Migración y multiculturalidad',
  12 |    import { useState, useEffect } from 'react'
     |    ^
  13 |    'Reinserción social'
  14 |  ]
      at constructor (/workspaces/simts/frontend/node_modules/@babel/parser/lib/index.js:367:19)
      at JSXParserMixin.raise (/workspaces/simts/frontend/node_modules/@babel/parser/lib/index.js:6624:19)
      at JSXParserMixin.parseExprAtom (/workspaces/simts/frontend/node_modules/@babel/parser/lib/index.js:11363:16)
      at JSXParserMixin.parseExprAtom (/workspaces/simts/frontend/node_modules/@babel/parser/lib/index.js:4793:20)
      at JSXParserMixin.parseExprSubscripts (/workspaces/simts/frontend/node_modules/@babel/parser/lib/index.js:11145:23)
      at JSXParserMixin.parseUpdate (/workspaces/simts/frontend/node_modules/@babel/parser/lib/index.js:11130:21)
      at JSXParserMixin.parseMaybeUnary (/workspaces/simts/frontend/node_modules/@babel/parser/lib/index.js:11110:23)
      at JSXParserMixin.parseMaybeUnaryOrPrivate (/workspaces/simts/frontend/node_modules/@babel/parser/lib/index.js:10963:61)
      at JSXParserMixin.parseExprOps (/workspaces/simts/frontend/node_modules/@babel/parser/lib/index.js:10968:23)
      at JSXParserMixin.parseMaybeConditional (/workspaces/simts/frontend/node_modules/@babel/parser/lib/index.js:10945:23)
      at JSXParserMixin.parseMaybeAssign (/workspaces/simts/frontend/node_modules/@babel/parser/lib/index.js:10895:21)
      at /workspaces/simts/frontend/node_modules/@babel/parser/lib/index.js:10864:39
      at JSXParserMixin.allowInAnd (/workspaces/simts/frontend/node_modules/@babel/parser/lib/index.js:12500:12)
      at JSXParserMixin.parseMaybeAssignAllowIn (/workspaces/simts/frontend/node_modules/@babel/parser/lib/index.js:10864:17)
      at JSXParserMixin.parseMaybeAssignAllowInOrVoidPattern (/workspaces/simts/frontend/node_modules/@babel/parser/lib/index.js:12567:17)
      at JSXParserMixin.parseExprListItem (/workspaces/simts/frontend/node_modules/@babel/parser/lib/index.js:12249:18)
      at JSXParserMixin.parseExprList (/workspaces/simts/frontend/node_modules/@babel/parser/lib/index.js:12224:22)
      at JSXParserMixin.parseArrayLike (/workspaces/simts/frontend/node_modules/@babel/parser/lib/index.js:12131:26)
      at JSXParserMixin.parseExprAtom (/workspaces/simts/frontend/node_modules/@babel/parser/lib/index.js:11399:23)
      at JSXParserMixin.parseExprAtom (/workspaces/simts/frontend/node_modules/@babel/parser/lib/index.js:4793:20)
      at JSXParserMixin.parseExprSubscripts (/workspaces/simts/frontend/node_modules/@babel/parser/lib/index.js:11145:23)
      at JSXParserMixin.parseUpdate (/workspaces/simts/frontend/node_modules/@babel/parser/lib/index.js:11130:21)
      at JSXParserMixin.parseMaybeUnary (/workspaces/simts/frontend/node_modules/@babel/parser/lib/index.js:11110:23)
      at JSXParserMixin.parseMaybeUnaryOrPrivate (/workspaces/simts/frontend/node_modules/@babel/parser/lib/index.js:10963:61)
      at JSXParserMixin.parseExprOps (/workspaces/simts/frontend/node_modules/@babel/parser/lib/index.js:10968:23)
      at JSXParserMixin.parseMaybeConditional (/workspaces/simts/frontend/node_modules/@babel/parser/lib/index.js:10945:23)
      at JSXParserMixin.parseMaybeAssign (/workspaces/simts/frontend/node_modules/@babel/parser/lib/index.js:10895:21)
      at /workspaces/simts/frontend/node_modules/@babel/parser/lib/index.js:10864:39
      at JSXParserMixin.allowInAnd (/workspaces/simts/frontend/node_modules/@babel/parser/lib/index.js:12495:16)
      at JSXParserMixin.parseMaybeAssignAllowIn (/workspaces/simts/frontend/node_modules/@babel/parser/lib/index.js:10864:17)
      at JSXParserMixin.parseVar (/workspaces/simts/frontend/node_modules/@babel/parser/lib/index.js:13460:91)
      at JSXParserMixin.parseVarStatement (/workspaces/simts/frontend/node_modules/@babel/parser/lib/index.js:13306:10)
      at JSXParserMixin.parseStatementContent (/workspaces/simts/frontend/node_modules/@babel/parser/lib/index.js:12927:23)
      at JSXParserMixin.parseStatementLike (/workspaces/simts/frontend/node_modules/@babel/parser/lib/index.js:12843:17)
      at JSXParserMixin.parseModuleItem (/workspaces/simts/frontend/node_modules/@babel/parser/lib/index.js:12820:17)
      at JSXParserMixin.parseBlockOrModuleBlockBody (/workspaces/simts/frontend/node_modules/@babel/parser/lib/index.js:13392:36)
      at JSXParserMixin.parseBlockBody (/workspaces/simts/frontend/node_modules/@babel/parser/lib/index.js:13385:10)
      at JSXParserMixin.parseProgram (/workspaces/simts/frontend/node_modules/@babel/parser/lib/index.js:12698:10)
      at JSXParserMixin.parseTopLevel (/workspaces/simts/frontend/node_modules/@babel/parser/lib/index.js:12688:25)
      at JSXParserMixin.parse (/workspaces/simts/frontend/node_modules/@babel/parser/lib/index.js:14568:25)
      at parse (/workspaces/simts/frontend/node_modules/@babel/parser/lib/index.js:14602:38)
      at parser (/workspaces/simts/frontend/node_modules/@babel/core/lib/parser/index.js:41:34)
      at parser.next (<anonymous>)
      at normalizeFile (/workspaces/simts/frontend/node_modules/@babel/core/lib/transformation/normalize-file.js:64:37)
      at normalizeFile.next (<anonymous>)
      at run (/workspaces/simts/frontend/node_modules/@babel/core/lib/transformation/index.js:22:50)
      at run.next (<anonymous>)
      at transform (/workspaces/simts/frontend/node_modules/@babel/core/lib/transform.js:22:33)
      at transform.next (<anonymous>)
      at step (/workspaces/simts/frontend/node_modules/gensync/index.js:261:32)
2:53:02 AM [vite] Internal server error: /workspaces/simts/frontend/src/App.jsx: `import` can only be used in `import()` or `import.meta`. (12:2)

  10 |   'Adulto mayor',
  11 |   'Migración y multiculturalidad',
> 12 |   import { useState, useEffect } from 'react'
     |   ^
  13 |   'Reinserción social'
  14 | ]
  15 |
  Plugin: vite:react-babel
  File: /workspaces/simts/frontend/src/App.jsx:12:2
  10 |    'Adulto mayor',
  11 |    'Migración y multiculturalidad',
  12 |    import { useState, useEffect } from 'react'
     |    ^
  13 |    'Reinserción social'
  14 |  ]
      at constructor (/workspaces/simts/frontend/node_modules/@babel/parser/lib/index.js:367:19)
      at JSXParserMixin.raise (/workspaces/simts/frontend/node_modules/@babel/parser/lib/index.js:6624:19)
      at JSXParserMixin.parseExprAtom (/workspaces/simts/frontend/node_modules/@babel/parser/lib/index.js:11363:16)
      at JSXParserMixin.parseExprAtom (/workspaces/simts/frontend/node_modules/@babel/parser/lib/index.js:4793:20)
      at JSXParserMixin.parseExprSubscripts (/workspaces/simts/frontend/node_modules/@babel/parser/lib/index.js:11145:23)
      at JSXParserMixin.parseUpdate (/workspaces/simts/frontend/node_modules/@babel/parser/lib/index.js:11130:21)
      at JSXParserMixin.parseMaybeUnary (/workspaces/simts/frontend/node_modules/@babel/parser/lib/index.js:11110:23)
      at JSXParserMixin.parseMaybeUnaryOrPrivate (/workspaces/simts/frontend/node_modules/@babel/parser/lib/index.js:10963:61)
      at JSXParserMixin.parseExprOps (/workspaces/simts/frontend/node_modules/@babel/parser/lib/index.js:10968:23)
      at JSXParserMixin.parseMaybeConditional (/workspaces/simts/frontend/node_modules/@babel/parser/lib/index.js:10945:23)
      at JSXParserMixin.parseMaybeAssign (/workspaces/simts/frontend/node_modules/@babel/parser/lib/index.js:10895:21)
      at /workspaces/simts/frontend/node_modules/@babel/parser/lib/index.js:10864:39
      at JSXParserMixin.allowInAnd (/workspaces/simts/frontend/node_modules/@babel/parser/lib/index.js:12500:12)
      at JSXParserMixin.parseMaybeAssignAllowIn (/workspaces/simts/frontend/node_modules/@babel/parser/lib/index.js:10864:17)
      at JSXParserMixin.parseMaybeAssignAllowInOrVoidPattern (/workspaces/simts/frontend/node_modules/@babel/parser/lib/index.js:12567:17)
      at JSXParserMixin.parseExprListItem (/workspaces/simts/frontend/node_modules/@babel/parser/lib/index.js:12249:18)
      at JSXParserMixin.parseExprList (/workspaces/simts/frontend/node_modules/@babel/parser/lib/index.js:12224:22)
      at JSXParserMixin.parseArrayLike (/workspaces/simts/frontend/node_modules/@babel/parser/lib/index.js:12131:26)
      at JSXParserMixin.parseExprAtom (/workspaces/simts/frontend/node_modules/@babel/parser/lib/index.js:11399:23)
      at JSXParserMixin.parseExprAtom (/workspaces/simts/frontend/node_modules/@babel/parser/lib/index.js:4793:20)
      at JSXParserMixin.parseExprSubscripts (/workspaces/simts/frontend/node_modules/@babel/parser/lib/index.js:11145:23)
      at JSXParserMixin.parseUpdate (/workspaces/simts/frontend/node_modules/@babel/parser/lib/index.js:11130:21)
      at JSXParserMixin.parseMaybeUnary (/workspaces/simts/frontend/node_modules/@babel/parser/lib/index.js:11110:23)
      at JSXParserMixin.parseMaybeUnaryOrPrivate (/workspaces/simts/frontend/node_modules/@babel/parser/lib/index.js:10963:61)
      at JSXParserMixin.parseExprOps (/workspaces/simts/frontend/node_modules/@babel/parser/lib/index.js:10968:23)
      at JSXParserMixin.parseMaybeConditional (/workspaces/simts/frontend/node_modules/@babel/parser/lib/index.js:10945:23)
      at JSXParserMixin.parseMaybeAssign (/workspaces/simts/frontend/node_modules/@babel/parser/lib/index.js:10895:21)
      at /workspaces/simts/frontend/node_modules/@babel/parser/lib/index.js:10864:39
      at JSXParserMixin.allowInAnd (/workspaces/simts/frontend/node_modules/@babel/parser/lib/index.js:12495:16)
      at JSXParserMixin.parseMaybeAssignAllowIn (/workspaces/simts/frontend/node_modules/@babel/parser/lib/index.js:10864:17)
      at JSXParserMixin.parseVar (/workspaces/simts/frontend/node_modules/@babel/parser/lib/index.js:13460:91)
      at JSXParserMixin.parseVarStatement (/workspaces/simts/frontend/node_modules/@babel/parser/lib/index.js:13306:10)
      at JSXParserMixin.parseStatementContent (/workspaces/simts/frontend/node_modules/@babel/parser/lib/index.js:12927:23)
      at JSXParserMixin.parseStatementLike (/workspaces/simts/frontend/node_modules/@babel/parser/lib/index.js:12843:17)
      at JSXParserMixin.parseModuleItem (/workspaces/simts/frontend/node_modules/@babel/parser/lib/index.js:12820:17)
      at JSXParserMixin.parseBlockOrModuleBlockBody (/workspaces/simts/frontend/node_modules/@babel/parser/lib/index.js:13392:36)
      at JSXParserMixin.parseBlockBody (/workspaces/simts/frontend/node_modules/@babel/parser/lib/index.js:13385:10)
      at JSXParserMixin.parseProgram (/workspaces/simts/frontend/node_modules/@babel/parser/lib/index.js:12698:10)
      at JSXParserMixin.parseTopLevel (/workspaces/simts/frontend/node_modules/@babel/parser/lib/index.js:12688:25)
      at JSXParserMixin.parse (/workspaces/simts/frontend/node_modules/@babel/parser/lib/index.js:14568:25)
      at parse (/workspaces/simts/frontend/node_modules/@babel/parser/lib/index.js:14602:38)
      at parser (/workspaces/simts/frontend/node_modules/@babel/core/lib/parser/index.js:41:34)
      at parser.next (<anonymous>)
      at normalizeFile (/workspaces/simts/frontend/node_modules/@babel/core/lib/transformation/normalize-file.js:64:37)
      at normalizeFile.next (<anonymous>)
      at run (/workspaces/simts/frontend/node_modules/@babel/core/lib/transformation/index.js:22:50)
      at run.next (<anonymous>)
      at transform (/workspaces/simts/frontend/node_modules/@babel/core/lib/transform.js:22:33)
      at transform.next (<anonymous>)
      at step (/workspaces/simts/frontend/node_modules/gensync/index.js:261:32)
2:53:42 AM [vite] Internal server error: /workspaces/simts/frontend/src/App.jsx: `import` can only be used in `import()` or `import.meta`. (12:2)

  10 |   'Adulto mayor',
  11 |   'Migración y multiculturalidad',
> 12 |   import { useState, useEffect } from 'react'
     |   ^
  13 |   'Reinserción social'
  14 | ]
  15 |
  Plugin: vite:react-babel
  File: /workspaces/simts/frontend/src/App.jsx:12:2
  10 |    'Adulto mayor',
  11 |    'Migración y multiculturalidad',
  12 |    import { useState, useEffect } from 'react'
     |    ^
  13 |    'Reinserción social'
  14 |  ]
      at constructor (/workspaces/simts/frontend/node_modules/@babel/parser/lib/index.js:367:19)
      at JSXParserMixin.raise (/workspaces/simts/frontend/node_modules/@babel/parser/lib/index.js:6624:19)
      at JSXParserMixin.parseExprAtom (/workspaces/simts/frontend/node_modules/@babel/parser/lib/index.js:11363:16)
      at JSXParserMixin.parseExprAtom (/workspaces/simts/frontend/node_modules/@babel/parser/lib/index.js:4793:20)
      at JSXParserMixin.parseExprSubscripts (/workspaces/simts/frontend/node_modules/@babel/parser/lib/index.js:11145:23)
      at JSXParserMixin.parseUpdate (/workspaces/simts/frontend/node_modules/@babel/parser/lib/index.js:11130:21)
      at JSXParserMixin.parseMaybeUnary (/workspaces/simts/frontend/node_modules/@babel/parser/lib/index.js:11110:23)
      at JSXParserMixin.parseMaybeUnaryOrPrivate (/workspaces/simts/frontend/node_modules/@babel/parser/lib/index.js:10963:61)
      at JSXParserMixin.parseExprOps (/workspaces/simts/frontend/node_modules/@babel/parser/lib/index.js:10968:23)
      at JSXParserMixin.parseMaybeConditional (/workspaces/simts/frontend/node_modules/@babel/parser/lib/index.js:10945:23)
      at JSXParserMixin.parseMaybeAssign (/workspaces/simts/frontend/node_modules/@babel/parser/lib/index.js:10895:21)
      at /workspaces/simts/frontend/node_modules/@babel/parser/lib/index.js:10864:39
      at JSXParserMixin.allowInAnd (/workspaces/simts/frontend/node_modules/@babel/parser/lib/index.js:12500:12)
      at JSXParserMixin.parseMaybeAssignAllowIn (/workspaces/simts/frontend/node_modules/@babel/parser/lib/index.js:10864:17)
      at JSXParserMixin.parseMaybeAssignAllowInOrVoidPattern (/workspaces/simts/frontend/node_modules/@babel/parser/lib/index.js:12567:17)
      at JSXParserMixin.parseExprListItem (/workspaces/simts/frontend/node_modules/@babel/parser/lib/index.js:12249:18)
      at JSXParserMixin.parseExprList (/workspaces/simts/frontend/node_modules/@babel/parser/lib/index.js:12224:22)
      at JSXParserMixin.parseArrayLike (/workspaces/simts/frontend/node_modules/@babel/parser/lib/index.js:12131:26)
      at JSXParserMixin.parseExprAtom (/workspaces/simts/frontend/node_modules/@babel/parser/lib/index.js:11399:23)
      at JSXParserMixin.parseExprAtom (/workspaces/simts/frontend/node_modules/@babel/parser/lib/index.js:4793:20)
      at JSXParserMixin.parseExprSubscripts (/workspaces/simts/frontend/node_modules/@babel/parser/lib/index.js:11145:23)
      at JSXParserMixin.parseUpdate (/workspaces/simts/frontend/node_modules/@babel/parser/lib/index.js:11130:21)
      at JSXParserMixin.parseMaybeUnary (/workspaces/simts/frontend/node_modules/@babel/parser/lib/index.js:11110:23)
      at JSXParserMixin.parseMaybeUnaryOrPrivate (/workspaces/simts/frontend/node_modules/@babel/parser/lib/index.js:10963:61)
      at JSXParserMixin.parseExprOps (/workspaces/simts/frontend/node_modules/@babel/parser/lib/index.js:10968:23)
      at JSXParserMixin.parseMaybeConditional (/workspaces/simts/frontend/node_modules/@babel/parser/lib/index.js:10945:23)
      at JSXParserMixin.parseMaybeAssign (/workspaces/simts/frontend/node_modules/@babel/parser/lib/index.js:10895:21)
      at /workspaces/simts/frontend/node_modules/@babel/parser/lib/index.js:10864:39
      at JSXParserMixin.allowInAnd (/workspaces/simts/frontend/node_modules/@babel/parser/lib/index.js:12495:16)
      at JSXParserMixin.parseMaybeAssignAllowIn (/workspaces/simts/frontend/node_modules/@babel/parser/lib/index.js:10864:17)
      at JSXParserMixin.parseVar (/workspaces/simts/frontend/node_modules/@babel/parser/lib/index.js:13460:91)
      at JSXParserMixin.parseVarStatement (/workspaces/simts/frontend/node_modules/@babel/parser/lib/index.js:13306:10)
      at JSXParserMixin.parseStatementContent (/workspaces/simts/frontend/node_modules/@babel/parser/lib/index.js:12927:23)
      at JSXParserMixin.parseStatementLike (/workspaces/simts/frontend/node_modules/@babel/parser/lib/index.js:12843:17)
      at JSXParserMixin.parseModuleItem (/workspaces/simts/frontend/node_modules/@babel/parser/lib/index.js:12820:17)
      at JSXParserMixin.parseBlockOrModuleBlockBody (/workspaces/simts/frontend/node_modules/@babel/parser/lib/index.js:13392:36)
      at JSXParserMixin.parseBlockBody (/workspaces/simts/frontend/node_modules/@babel/parser/lib/index.js:13385:10)
      at JSXParserMixin.parseProgram (/workspaces/simts/frontend/node_modules/@babel/parser/lib/index.js:12698:10)
      at JSXParserMixin.parseTopLevel (/workspaces/simts/frontend/node_modules/@babel/parser/lib/index.js:12688:25)
      at JSXParserMixin.parse (/workspaces/simts/frontend/node_modules/@babel/parser/lib/index.js:14568:25)
      at parse (/workspaces/simts/frontend/node_modules/@babel/parser/lib/index.js:14602:38)
      at parser (/workspaces/simts/frontend/node_modules/@babel/core/lib/parser/index.js:41:34)
      at parser.next (<anonymous>)
      at normalizeFile (/workspaces/simts/frontend/node_modules/@babel/core/lib/transformation/normalize-file.js:64:37)
      at normalizeFile.next (<anonymous>)
      at run (/workspaces/simts/frontend/node_modules/@babel/core/lib/transformation/index.js:22:50)
      at run.next (<anonymous>)
      at transform (/workspaces/simts/frontend/node_modules/@babel/core/lib/transform.js:22:33)
      at transform.next (<anonymous>)
      at step (/workspaces/simts/frontend/node_modules/gensync/index.js:261:32)
2:54:50 AM [vite] Internal server error: /workspaces/simts/frontend/src/App.jsx: `import` can only be used in `import()` or `import.meta`. (12:2)

  10 |   'Adulto mayor',
  11 |   'Migración y multiculturalidad',
> 12 |   import { useState, useEffect } from 'react'
     |   ^
  13 |   'Reinserción social'
  14 | ]
  15 |
  Plugin: vite:react-babel
  File: /workspaces/simts/frontend/src/App.jsx:12:2
  10 |    'Adulto mayor',
  11 |    'Migración y multiculturalidad',
  12 |    import { useState, useEffect } from 'react'
     |    ^
  13 |    'Reinserción social'
  14 |  ]
      at constructor (/workspaces/simts/frontend/node_modules/@babel/parser/lib/index.js:367:19)
      at JSXParserMixin.raise (/workspaces/simts/frontend/node_modules/@babel/parser/lib/index.js:6624:19)
      at JSXParserMixin.parseExprAtom (/workspaces/simts/frontend/node_modules/@babel/parser/lib/index.js:11363:16)
      at JSXParserMixin.parseExprAtom (/workspaces/simts/frontend/node_modules/@babel/parser/lib/index.js:4793:20)
      at JSXParserMixin.parseExprSubscripts (/workspaces/simts/frontend/node_modules/@babel/parser/lib/index.js:11145:23)
      at JSXParserMixin.parseUpdate (/workspaces/simts/frontend/node_modules/@babel/parser/lib/index.js:11130:21)
      at JSXParserMixin.parseMaybeUnary (/workspaces/simts/frontend/node_modules/@babel/parser/lib/index.js:11110:23)
      at JSXParserMixin.parseMaybeUnaryOrPrivate (/workspaces/simts/frontend/node_modules/@babel/parser/lib/index.js:10963:61)
      at JSXParserMixin.parseExprOps (/workspaces/simts/frontend/node_modules/@babel/parser/lib/index.js:10968:23)
      at JSXParserMixin.parseMaybeConditional (/workspaces/simts/frontend/node_modules/@babel/parser/lib/index.js:10945:23)
      at JSXParserMixin.parseMaybeAssign (/workspaces/simts/frontend/node_modules/@babel/parser/lib/index.js:10895:21)
      at /workspaces/simts/frontend/node_modules/@babel/parser/lib/index.js:10864:39
      at JSXParserMixin.allowInAnd (/workspaces/simts/frontend/node_modules/@babel/parser/lib/index.js:12500:12)
      at JSXParserMixin.parseMaybeAssignAllowIn (/workspaces/simts/frontend/node_modules/@babel/parser/lib/index.js:10864:17)
      at JSXParserMixin.parseMaybeAssignAllowInOrVoidPattern (/workspaces/simts/frontend/node_modules/@babel/parser/lib/index.js:12567:17)
      at JSXParserMixin.parseExprListItem (/workspaces/simts/frontend/node_modules/@babel/parser/lib/index.js:12249:18)
      at JSXParserMixin.parseExprList (/workspaces/simts/frontend/node_modules/@babel/parser/lib/index.js:12224:22)
      at JSXParserMixin.parseArrayLike (/workspaces/simts/frontend/node_modules/@babel/parser/lib/index.js:12131:26)
      at JSXParserMixin.parseExprAtom (/workspaces/simts/frontend/node_modules/@babel/parser/lib/index.js:11399:23)
      at JSXParserMixin.parseExprAtom (/workspaces/simts/frontend/node_modules/@babel/parser/lib/index.js:4793:20)
      at JSXParserMixin.parseExprSubscripts (/workspaces/simts/frontend/node_modules/@babel/parser/lib/index.js:11145:23)
      at JSXParserMixin.parseUpdate (/workspaces/simts/frontend/node_modules/@babel/parser/lib/index.js:11130:21)
      at JSXParserMixin.parseMaybeUnary (/workspaces/simts/frontend/node_modules/@babel/parser/lib/index.js:11110:23)
      at JSXParserMixin.parseMaybeUnaryOrPrivate (/workspaces/simts/frontend/node_modules/@babel/parser/lib/index.js:10963:61)
      at JSXParserMixin.parseExprOps (/workspaces/simts/frontend/node_modules/@babel/parser/lib/index.js:10968:23)
      at JSXParserMixin.parseMaybeConditional (/workspaces/simts/frontend/node_modules/@babel/parser/lib/index.js:10945:23)
      at JSXParserMixin.parseMaybeAssign (/workspaces/simts/frontend/node_modules/@babel/parser/lib/index.js:10895:21)
      at /workspaces/simts/frontend/node_modules/@babel/parser/lib/index.js:10864:39
      at JSXParserMixin.allowInAnd (/workspaces/simts/frontend/node_modules/@babel/parser/lib/index.js:12495:16)
      at JSXParserMixin.parseMaybeAssignAllowIn (/workspaces/simts/frontend/node_modules/@babel/parser/lib/index.js:10864:17)
      at JSXParserMixin.parseVar (/workspaces/simts/frontend/node_modules/@babel/parser/lib/index.js:13460:91)
      at JSXParserMixin.parseVarStatement (/workspaces/simts/frontend/node_modules/@babel/parser/lib/index.js:13306:10)
      at JSXParserMixin.parseStatementContent (/workspaces/simts/frontend/node_modules/@babel/parser/lib/index.js:12927:23)
      at JSXParserMixin.parseStatementLike (/workspaces/simts/frontend/node_modules/@babel/parser/lib/index.js:12843:17)
      at JSXParserMixin.parseModuleItem (/workspaces/simts/frontend/node_modules/@babel/parser/lib/index.js:12820:17)
      at JSXParserMixin.parseBlockOrModuleBlockBody (/workspaces/simts/frontend/node_modules/@babel/parser/lib/index.js:13392:36)
      at JSXParserMixin.parseBlockBody (/workspaces/simts/frontend/node_modules/@babel/parser/lib/index.js:13385:10)
      at JSXParserMixin.parseProgram (/workspaces/simts/frontend/node_modules/@babel/parser/lib/index.js:12698:10)
      at JSXParserMixin.parseTopLevel (/workspaces/simts/frontend/node_modules/@babel/parser/lib/index.js:12688:25)
      at JSXParserMixin.parse (/workspaces/simts/frontend/node_modules/@babel/parser/lib/index.js:14568:25)
      at parse (/workspaces/simts/frontend/node_modules/@babel/parser/lib/index.js:14602:38)
      at parser (/workspaces/simts/frontend/node_modules/@babel/core/lib/parser/index.js:41:34)
      at parser.next (<anonymous>)
      at normalizeFile (/workspaces/simts/frontend/node_modules/@babel/core/lib/transformation/normalize-file.js:64:37)
      at normalizeFile.next (<anonymous>)
      at run (/workspaces/simts/frontend/node_modules/@babel/core/lib/transformation/index.js:22:50)
      at run.next (<anonymous>)
      at transform (/workspaces/simts/frontend/node_modules/@babel/core/lib/transform.js:22:33)
      at transform.next (<anonymous>)
      at step (/workspaces/simts/frontend/node_modules/gensync/index.js:261:32)
2:55:01 AM [vite] Internal server error: /workspaces/simts/frontend/src/App.jsx: `import` can only be used in `import()` or `import.meta`. (12:2)

  10 |   'Adulto mayor',
  11 |   'Migración y multiculturalidad',
> 12 |   import { useState, useEffect } from 'react'
     |   ^
  13 |   'Reinserción social'
  14 | ]
  15 |
  Plugin: vite:react-babel
  File: /workspaces/simts/frontend/src/App.jsx:12:2
  10 |    'Adulto mayor',
  11 |    'Migración y multiculturalidad',
  12 |    import { useState, useEffect } from 'react'
     |    ^
  13 |    'Reinserción social'
  14 |  ]
      at constructor (/workspaces/simts/frontend/node_modules/@babel/parser/lib/index.js:367:19)
      at JSXParserMixin.raise (/workspaces/simts/frontend/node_modules/@babel/parser/lib/index.js:6624:19)
      at JSXParserMixin.parseExprAtom (/workspaces/simts/frontend/node_modules/@babel/parser/lib/index.js:11363:16)
      at JSXParserMixin.parseExprAtom (/workspaces/simts/frontend/node_modules/@babel/parser/lib/index.js:4793:20)
      at JSXParserMixin.parseExprSubscripts (/workspaces/simts/frontend/node_modules/@babel/parser/lib/index.js:11145:23)
      at JSXParserMixin.parseUpdate (/workspaces/simts/frontend/node_modules/@babel/parser/lib/index.js:11130:21)
      at JSXParserMixin.parseMaybeUnary (/workspaces/simts/frontend/node_modules/@babel/parser/lib/index.js:11110:23)
      at JSXParserMixin.parseMaybeUnaryOrPrivate (/workspaces/simts/frontend/node_modules/@babel/parser/lib/index.js:10963:61)
      at JSXParserMixin.parseExprOps (/workspaces/simts/frontend/node_modules/@babel/parser/lib/index.js:10968:23)
      at JSXParserMixin.parseMaybeConditional (/workspaces/simts/frontend/node_modules/@babel/parser/lib/index.js:10945:23)
      at JSXParserMixin.parseMaybeAssign (/workspaces/simts/frontend/node_modules/@babel/parser/lib/index.js:10895:21)
      at /workspaces/simts/frontend/node_modules/@babel/parser/lib/index.js:10864:39
      at JSXParserMixin.allowInAnd (/workspaces/simts/frontend/node_modules/@babel/parser/lib/index.js:12500:12)
      at JSXParserMixin.parseMaybeAssignAllowIn (/workspaces/simts/frontend/node_modules/@babel/parser/lib/index.js:10864:17)
      at JSXParserMixin.parseMaybeAssignAllowInOrVoidPattern (/workspaces/simts/frontend/node_modules/@babel/parser/lib/index.js:12567:17)
      at JSXParserMixin.parseExprListItem (/workspaces/simts/frontend/node_modules/@babel/parser/lib/index.js:12249:18)
      at JSXParserMixin.parseExprList (/workspaces/simts/frontend/node_modules/@babel/parser/lib/index.js:12224:22)
      at JSXParserMixin.parseArrayLike (/workspaces/simts/frontend/node_modules/@babel/parser/lib/index.js:12131:26)
      at JSXParserMixin.parseExprAtom (/workspaces/simts/frontend/node_modules/@babel/parser/lib/index.js:11399:23)
      at JSXParserMixin.parseExprAtom (/workspaces/simts/frontend/node_modules/@babel/parser/lib/index.js:4793:20)
      at JSXParserMixin.parseExprSubscripts (/workspaces/simts/frontend/node_modules/@babel/parser/lib/index.js:11145:23)
      at JSXParserMixin.parseUpdate (/workspaces/simts/frontend/node_modules/@babel/parser/lib/index.js:11130:21)
      at JSXParserMixin.parseMaybeUnary (/workspaces/simts/frontend/node_modules/@babel/parser/lib/index.js:11110:23)
      at JSXParserMixin.parseMaybeUnaryOrPrivate (/workspaces/simts/frontend/node_modules/@babel/parser/lib/index.js:10963:61)
      at JSXParserMixin.parseExprOps (/workspaces/simts/frontend/node_modules/@babel/parser/lib/index.js:10968:23)
      at JSXParserMixin.parseMaybeConditional (/workspaces/simts/frontend/node_modules/@babel/parser/lib/index.js:10945:23)
      at JSXParserMixin.parseMaybeAssign (/workspaces/simts/frontend/node_modules/@babel/parser/lib/index.js:10895:21)
      at /workspaces/simts/frontend/node_modules/@babel/parser/lib/index.js:10864:39
      at JSXParserMixin.allowInAnd (/workspaces/simts/frontend/node_modules/@babel/parser/lib/index.js:12495:16)
      at JSXParserMixin.parseMaybeAssignAllowIn (/workspaces/simts/frontend/node_modules/@babel/parser/lib/index.js:10864:17)
      at JSXParserMixin.parseVar (/workspaces/simts/frontend/node_modules/@babel/parser/lib/index.js:13460:91)
      at JSXParserMixin.parseVarStatement (/workspaces/simts/frontend/node_modules/@babel/parser/lib/index.js:13306:10)
      at JSXParserMixin.parseStatementContent (/workspaces/simts/frontend/node_modules/@babel/parser/lib/index.js:12927:23)
      at JSXParserMixin.parseStatementLike (/workspaces/simts/frontend/node_modules/@babel/parser/lib/index.js:12843:17)
      at JSXParserMixin.parseModuleItem (/workspaces/simts/frontend/node_modules/@babel/parser/lib/index.js:12820:17)
      at JSXParserMixin.parseBlockOrModuleBlockBody (/workspaces/simts/frontend/node_modules/@babel/parser/lib/index.js:13392:36)
      at JSXParserMixin.parseBlockBody (/workspaces/simts/frontend/node_modules/@babel/parser/lib/index.js:13385:10)
      at JSXParserMixin.parseProgram (/workspaces/simts/frontend/node_modules/@babel/parser/lib/index.js:12698:10)
      at JSXParserMixin.parseTopLevel (/workspaces/simts/frontend/node_modules/@babel/parser/lib/index.js:12688:25)
      at JSXParserMixin.parse (/workspaces/simts/frontend/node_modules/@babel/parser/lib/index.js:14568:25)
      at parse (/workspaces/simts/frontend/node_modules/@babel/parser/lib/index.js:14602:38)
      at parser (/workspaces/simts/frontend/node_modules/@babel/core/lib/parser/index.js:41:34)
      at parser.next (<anonymous>)
      at normalizeFile (/workspaces/simts/frontend/node_modules/@babel/core/lib/transformation/normalize-file.js:64:37)
      at normalizeFile.next (<anonymous>)
      at run (/workspaces/simts/frontend/node_modules/@babel/core/lib/transformation/index.js:22:50)
      at run.next (<anonymous>)
      at transform (/workspaces/simts/frontend/node_modules/@babel/core/lib/transform.js:22:33)
      at transform.next (<anonymous>)
      at step (/workspaces/simts/frontend/node_modules/gensync/index.js:261:32)
2:55:16 AM [vite] Internal server error: /workspaces/simts/frontend/src/App.jsx: `import` can only be used in `import()` or `import.meta`. (12:2)

  10 |   'Adulto mayor',
  11 |   'Migración y multiculturalidad',
> 12 |   import { useState, useEffect } from 'react'
     |   ^
  13 |   'Reinserción social'
  14 | ]
  15 |
  Plugin: vite:react-babel
  File: /workspaces/simts/frontend/src/App.jsx:12:2
  10 |    'Adulto mayor',
  11 |    'Migración y multiculturalidad',
  12 |    import { useState, useEffect } from 'react'
     |    ^
  13 |    'Reinserción social'
  14 |  ]
      at constructor (/workspaces/simts/frontend/node_modules/@babel/parser/lib/index.js:367:19)
      at JSXParserMixin.raise (/workspaces/simts/frontend/node_modules/@babel/parser/lib/index.js:6624:19)
      at JSXParserMixin.parseExprAtom (/workspaces/simts/frontend/node_modules/@babel/parser/lib/index.js:11363:16)
      at JSXParserMixin.parseExprAtom (/workspaces/simts/frontend/node_modules/@babel/parser/lib/index.js:4793:20)
      at JSXParserMixin.parseExprSubscripts (/workspaces/simts/frontend/node_modules/@babel/parser/lib/index.js:11145:23)
      at JSXParserMixin.parseUpdate (/workspaces/simts/frontend/node_modules/@babel/parser/lib/index.js:11130:21)
      at JSXParserMixin.parseMaybeUnary (/workspaces/simts/frontend/node_modules/@babel/parser/lib/index.js:11110:23)
      at JSXParserMixin.parseMaybeUnaryOrPrivate (/workspaces/simts/frontend/node_modules/@babel/parser/lib/index.js:10963:61)
      at JSXParserMixin.parseExprOps (/workspaces/simts/frontend/node_modules/@babel/parser/lib/index.js:10968:23)
      at JSXParserMixin.parseMaybeConditional (/workspaces/simts/frontend/node_modules/@babel/parser/lib/index.js:10945:23)
      at JSXParserMixin.parseMaybeAssign (/workspaces/simts/frontend/node_modules/@babel/parser/lib/index.js:10895:21)
      at /workspaces/simts/frontend/node_modules/@babel/parser/lib/index.js:10864:39
      at JSXParserMixin.allowInAnd (/workspaces/simts/frontend/node_modules/@babel/parser/lib/index.js:12500:12)
      at JSXParserMixin.parseMaybeAssignAllowIn (/workspaces/simts/frontend/node_modules/@babel/parser/lib/index.js:10864:17)
      at JSXParserMixin.parseMaybeAssignAllowInOrVoidPattern (/workspaces/simts/frontend/node_modules/@babel/parser/lib/index.js:12567:17)
      at JSXParserMixin.parseExprListItem (/workspaces/simts/frontend/node_modules/@babel/parser/lib/index.js:12249:18)
      at JSXParserMixin.parseExprList (/workspaces/simts/frontend/node_modules/@babel/parser/lib/index.js:12224:22)
      at JSXParserMixin.parseArrayLike (/workspaces/simts/frontend/node_modules/@babel/parser/lib/index.js:12131:26)
      at JSXParserMixin.parseExprAtom (/workspaces/simts/frontend/node_modules/@babel/parser/lib/index.js:11399:23)
      at JSXParserMixin.parseExprAtom (/workspaces/simts/frontend/node_modules/@babel/parser/lib/index.js:4793:20)
      at JSXParserMixin.parseExprSubscripts (/workspaces/simts/frontend/node_modules/@babel/parser/lib/index.js:11145:23)
      at JSXParserMixin.parseUpdate (/workspaces/simts/frontend/node_modules/@babel/parser/lib/index.js:11130:21)
      at JSXParserMixin.parseMaybeUnary (/workspaces/simts/frontend/node_modules/@babel/parser/lib/index.js:11110:23)
      at JSXParserMixin.parseMaybeUnaryOrPrivate (/workspaces/simts/frontend/node_modules/@babel/parser/lib/index.js:10963:61)
      at JSXParserMixin.parseExprOps (/workspaces/simts/frontend/node_modules/@babel/parser/lib/index.js:10968:23)
      at JSXParserMixin.parseMaybeConditional (/workspaces/simts/frontend/node_modules/@babel/parser/lib/index.js:10945:23)
      at JSXParserMixin.parseMaybeAssign (/workspaces/simts/frontend/node_modules/@babel/parser/lib/index.js:10895:21)
      at /workspaces/simts/frontend/node_modules/@babel/parser/lib/index.js:10864:39
      at JSXParserMixin.allowInAnd (/workspaces/simts/frontend/node_modules/@babel/parser/lib/index.js:12495:16)
      at JSXParserMixin.parseMaybeAssignAllowIn (/workspaces/simts/frontend/node_modules/@babel/parser/lib/index.js:10864:17)
      at JSXParserMixin.parseVar (/workspaces/simts/frontend/node_modules/@babel/parser/lib/index.js:13460:91)
      at JSXParserMixin.parseVarStatement (/workspaces/simts/frontend/node_modules/@babel/parser/lib/index.js:13306:10)
      at JSXParserMixin.parseStatementContent (/workspaces/simts/frontend/node_modules/@babel/parser/lib/index.js:12927:23)
      at JSXParserMixin.parseStatementLike (/workspaces/simts/frontend/node_modules/@babel/parser/lib/index.js:12843:17)
      at JSXParserMixin.parseModuleItem (/workspaces/simts/frontend/node_modules/@babel/parser/lib/index.js:12820:17)
      at JSXParserMixin.parseBlockOrModuleBlockBody (/workspaces/simts/frontend/node_modules/@babel/parser/lib/index.js:13392:36)
      at JSXParserMixin.parseBlockBody (/workspaces/simts/frontend/node_modules/@babel/parser/lib/index.js:13385:10)
      at JSXParserMixin.parseProgram (/workspaces/simts/frontend/node_modules/@babel/parser/lib/index.js:12698:10)
      at JSXParserMixin.parseTopLevel (/workspaces/simts/frontend/node_modules/@babel/parser/lib/index.js:12688:25)
      at JSXParserMixin.parse (/workspaces/simts/frontend/node_modules/@babel/parser/lib/index.js:14568:25)
      at parse (/workspaces/simts/frontend/node_modules/@babel/parser/lib/index.js:14602:38)
      at parser (/workspaces/simts/frontend/node_modules/@babel/core/lib/parser/index.js:41:34)
      at parser.next (<anonymous>)
      at normalizeFile (/workspaces/simts/frontend/node_modules/@babel/core/lib/transformation/normalize-file.js:64:37)
      at normalizeFile.next (<anonymous>)
      at run (/workspaces/simts/frontend/node_modules/@babel/core/lib/transformation/index.js:22:50)
      at run.next (<anonymous>)
      at transform (/workspaces/simts/frontend/node_modules/@babel/core/lib/transform.js:22:33)
      at transform.next (<anonymous>)
      at step (/workspaces/simts/frontend/node_modules/gensync/index.js:261:32)
2:56:21 AM [vite] Internal server error: /workspaces/simts/frontend/src/App.jsx: `import` can only be used in `import()` or `import.meta`. (12:2)

  10 |   'Adulto mayor',
  11 |   'Migración y multiculturalidad',
> 12 |   import { useState, useEffect } from 'react'
     |   ^
  13 |   'Reinserción social'
  14 | ]
  15 |
  Plugin: vite:react-babel
  File: /workspaces/simts/frontend/src/App.jsx:12:2
  10 |    'Adulto mayor',
  11 |    'Migración y multiculturalidad',
  12 |    import { useState, useEffect } from 'react'
     |    ^
  13 |    'Reinserción social'
  14 |  ]
      at constructor (/workspaces/simts/frontend/node_modules/@babel/parser/lib/index.js:367:19)
      at JSXParserMixin.raise (/workspaces/simts/frontend/node_modules/@babel/parser/lib/index.js:6624:19)
      at JSXParserMixin.parseExprAtom (/workspaces/simts/frontend/node_modules/@babel/parser/lib/index.js:11363:16)
      at JSXParserMixin.parseExprAtom (/workspaces/simts/frontend/node_modules/@babel/parser/lib/index.js:4793:20)
      at JSXParserMixin.parseExprSubscripts (/workspaces/simts/frontend/node_modules/@babel/parser/lib/index.js:11145:23)
      at JSXParserMixin.parseUpdate (/workspaces/simts/frontend/node_modules/@babel/parser/lib/index.js:11130:21)
      at JSXParserMixin.parseMaybeUnary (/workspaces/simts/frontend/node_modules/@babel/parser/lib/index.js:11110:23)
      at JSXParserMixin.parseMaybeUnaryOrPrivate (/workspaces/simts/frontend/node_modules/@babel/parser/lib/index.js:10963:61)
      at JSXParserMixin.parseExprOps (/workspaces/simts/frontend/node_modules/@babel/parser/lib/index.js:10968:23)
      at JSXParserMixin.parseMaybeConditional (/workspaces/simts/frontend/node_modules/@babel/parser/lib/index.js:10945:23)
      at JSXParserMixin.parseMaybeAssign (/workspaces/simts/frontend/node_modules/@babel/parser/lib/index.js:10895:21)
      at /workspaces/simts/frontend/node_modules/@babel/parser/lib/index.js:10864:39
      at JSXParserMixin.allowInAnd (/workspaces/simts/frontend/node_modules/@babel/parser/lib/index.js:12500:12)
      at JSXParserMixin.parseMaybeAssignAllowIn (/workspaces/simts/frontend/node_modules/@babel/parser/lib/index.js:10864:17)
      at JSXParserMixin.parseMaybeAssignAllowInOrVoidPattern (/workspaces/simts/frontend/node_modules/@babel/parser/lib/index.js:12567:17)
      at JSXParserMixin.parseExprListItem (/workspaces/simts/frontend/node_modules/@babel/parser/lib/index.js:12249:18)
      at JSXParserMixin.parseExprList (/workspaces/simts/frontend/node_modules/@babel/parser/lib/index.js:12224:22)
      at JSXParserMixin.parseArrayLike (/workspaces/simts/frontend/node_modules/@babel/parser/lib/index.js:12131:26)
      at JSXParserMixin.parseExprAtom (/workspaces/simts/frontend/node_modules/@babel/parser/lib/index.js:11399:23)
      at JSXParserMixin.parseExprAtom (/workspaces/simts/frontend/node_modules/@babel/parser/lib/index.js:4793:20)
      at JSXParserMixin.parseExprSubscripts (/workspaces/simts/frontend/node_modules/@babel/parser/lib/index.js:11145:23)
      at JSXParserMixin.parseUpdate (/workspaces/simts/frontend/node_modules/@babel/parser/lib/index.js:11130:21)
      at JSXParserMixin.parseMaybeUnary (/workspaces/simts/frontend/node_modules/@babel/parser/lib/index.js:11110:23)
      at JSXParserMixin.parseMaybeUnaryOrPrivate (/workspaces/simts/frontend/node_modules/@babel/parser/lib/index.js:10963:61)
      at JSXParserMixin.parseExprOps (/workspaces/simts/frontend/node_modules/@babel/parser/lib/index.js:10968:23)
      at JSXParserMixin.parseMaybeConditional (/workspaces/simts/frontend/node_modules/@babel/parser/lib/index.js:10945:23)
      at JSXParserMixin.parseMaybeAssign (/workspaces/simts/frontend/node_modules/@babel/parser/lib/index.js:10895:21)
      at /workspaces/simts/frontend/node_modules/@babel/parser/lib/index.js:10864:39
      at JSXParserMixin.allowInAnd (/workspaces/simts/frontend/node_modules/@babel/parser/lib/index.js:12495:16)
      at JSXParserMixin.parseMaybeAssignAllowIn (/workspaces/simts/frontend/node_modules/@babel/parser/lib/index.js:10864:17)
      at JSXParserMixin.parseVar (/workspaces/simts/frontend/node_modules/@babel/parser/lib/index.js:13460:91)
      at JSXParserMixin.parseVarStatement (/workspaces/simts/frontend/node_modules/@babel/parser/lib/index.js:13306:10)
      at JSXParserMixin.parseStatementContent (/workspaces/simts/frontend/node_modules/@babel/parser/lib/index.js:12927:23)
      at JSXParserMixin.parseStatementLike (/workspaces/simts/frontend/node_modules/@babel/parser/lib/index.js:12843:17)
      at JSXParserMixin.parseModuleItem (/workspaces/simts/frontend/node_modules/@babel/parser/lib/index.js:12820:17)
      at JSXParserMixin.parseBlockOrModuleBlockBody (/workspaces/simts/frontend/node_modules/@babel/parser/lib/index.js:13392:36)
      at JSXParserMixin.parseBlockBody (/workspaces/simts/frontend/node_modules/@babel/parser/lib/index.js:13385:10)
      at JSXParserMixin.parseProgram (/workspaces/simts/frontend/node_modules/@babel/parser/lib/index.js:12698:10)
      at JSXParserMixin.parseTopLevel (/workspaces/simts/frontend/node_modules/@babel/parser/lib/index.js:12688:25)
      at JSXParserMixin.parse (/workspaces/simts/frontend/node_modules/@babel/parser/lib/index.js:14568:25)
      at parse (/workspaces/simts/frontend/node_modules/@babel/parser/lib/index.js:14602:38)
      at parser (/workspaces/simts/frontend/node_modules/@babel/core/lib/parser/index.js:41:34)
      at parser.next (<anonymous>)
      at normalizeFile (/workspaces/simts/frontend/node_modules/@babel/core/lib/transformation/normalize-file.js:64:37)
      at normalizeFile.next (<anonymous>)
      at run (/workspaces/simts/frontend/node_modules/@babel/core/lib/transformation/index.js:22:50)
      at run.next (<anonymous>)
      at transform (/workspaces/simts/frontend/node_modules/@babel/core/lib/transform.js:22:33)
      at transform.next (<anonymous>)
      at step (/workspaces/simts/frontend/node_modules/gensync/index.js:261:32)
2:56:54 AM [vite] Internal server error: /workspaces/simts/frontend/src/App.jsx: `import` can only be used in `import()` or `import.meta`. (12:2)

  10 |   'Adulto mayor',
  11 |   'Migración y multiculturalidad',
> 12 |   import { useState, useEffect } from 'react'
     |   ^
  13 |   'Reinserción social'
  14 | ]
  15 |
  Plugin: vite:react-babel
  File: /workspaces/simts/frontend/src/App.jsx:12:2
  10 |    'Adulto mayor',
  11 |    'Migración y multiculturalidad',
  12 |    import { useState, useEffect } from 'react'
     |    ^
  13 |    'Reinserción social'
  14 |  ]
      at constructor (/workspaces/simts/frontend/node_modules/@babel/parser/lib/index.js:367:19)
      at JSXParserMixin.raise (/workspaces/simts/frontend/node_modules/@babel/parser/lib/index.js:6624:19)
      at JSXParserMixin.parseExprAtom (/workspaces/simts/frontend/node_modules/@babel/parser/lib/index.js:11363:16)
      at JSXParserMixin.parseExprAtom (/workspaces/simts/frontend/node_modules/@babel/parser/lib/index.js:4793:20)
      at JSXParserMixin.parseExprSubscripts (/workspaces/simts/frontend/node_modules/@babel/parser/lib/index.js:11145:23)
      at JSXParserMixin.parseUpdate (/workspaces/simts/frontend/node_modules/@babel/parser/lib/index.js:11130:21)
      at JSXParserMixin.parseMaybeUnary (/workspaces/simts/frontend/node_modules/@babel/parser/lib/index.js:11110:23)
      at JSXParserMixin.parseMaybeUnaryOrPrivate (/workspaces/simts/frontend/node_modules/@babel/parser/lib/index.js:10963:61)
      at JSXParserMixin.parseExprOps (/workspaces/simts/frontend/node_modules/@babel/parser/lib/index.js:10968:23)
      at JSXParserMixin.parseMaybeConditional (/workspaces/simts/frontend/node_modules/@babel/parser/lib/index.js:10945:23)
      at JSXParserMixin.parseMaybeAssign (/workspaces/simts/frontend/node_modules/@babel/parser/lib/index.js:10895:21)
      at /workspaces/simts/frontend/node_modules/@babel/parser/lib/index.js:10864:39
      at JSXParserMixin.allowInAnd (/workspaces/simts/frontend/node_modules/@babel/parser/lib/index.js:12500:12)
      at JSXParserMixin.parseMaybeAssignAllowIn (/workspaces/simts/frontend/node_modules/@babel/parser/lib/index.js:10864:17)
      at JSXParserMixin.parseMaybeAssignAllowInOrVoidPattern (/workspaces/simts/frontend/node_modules/@babel/parser/lib/index.js:12567:17)
      at JSXParserMixin.parseExprListItem (/workspaces/simts/frontend/node_modules/@babel/parser/lib/index.js:12249:18)
      at JSXParserMixin.parseExprList (/workspaces/simts/frontend/node_modules/@babel/parser/lib/index.js:12224:22)
      at JSXParserMixin.parseArrayLike (/workspaces/simts/frontend/node_modules/@babel/parser/lib/index.js:12131:26)
      at JSXParserMixin.parseExprAtom (/workspaces/simts/frontend/node_modules/@babel/parser/lib/index.js:11399:23)
      at JSXParserMixin.parseExprAtom (/workspaces/simts/frontend/node_modules/@babel/parser/lib/index.js:4793:20)
      at JSXParserMixin.parseExprSubscripts (/workspaces/simts/frontend/node_modules/@babel/parser/lib/index.js:11145:23)
      at JSXParserMixin.parseUpdate (/workspaces/simts/frontend/node_modules/@babel/parser/lib/index.js:11130:21)
      at JSXParserMixin.parseMaybeUnary (/workspaces/simts/frontend/node_modules/@babel/parser/lib/index.js:11110:23)
      at JSXParserMixin.parseMaybeUnaryOrPrivate (/workspaces/simts/frontend/node_modules/@babel/parser/lib/index.js:10963:61)
      at JSXParserMixin.parseExprOps (/workspaces/simts/frontend/node_modules/@babel/parser/lib/index.js:10968:23)
      at JSXParserMixin.parseMaybeConditional (/workspaces/simts/frontend/node_modules/@babel/parser/lib/index.js:10945:23)
      at JSXParserMixin.parseMaybeAssign (/workspaces/simts/frontend/node_modules/@babel/parser/lib/index.js:10895:21)
      at /workspaces/simts/frontend/node_modules/@babel/parser/lib/index.js:10864:39
      at JSXParserMixin.allowInAnd (/workspaces/simts/frontend/node_modules/@babel/parser/lib/index.js:12495:16)
      at JSXParserMixin.parseMaybeAssignAllowIn (/workspaces/simts/frontend/node_modules/@babel/parser/lib/index.js:10864:17)
      at JSXParserMixin.parseVar (/workspaces/simts/frontend/node_modules/@babel/parser/lib/index.js:13460:91)
      at JSXParserMixin.parseVarStatement (/workspaces/simts/frontend/node_modules/@babel/parser/lib/index.js:13306:10)
      at JSXParserMixin.parseStatementContent (/workspaces/simts/frontend/node_modules/@babel/parser/lib/index.js:12927:23)
      at JSXParserMixin.parseStatementLike (/workspaces/simts/frontend/node_modules/@babel/parser/lib/index.js:12843:17)
      at JSXParserMixin.parseModuleItem (/workspaces/simts/frontend/node_modules/@babel/parser/lib/index.js:12820:17)
      at JSXParserMixin.parseBlockOrModuleBlockBody (/workspaces/simts/frontend/node_modules/@babel/parser/lib/index.js:13392:36)
      at JSXParserMixin.parseBlockBody (/workspaces/simts/frontend/node_modules/@babel/parser/lib/index.js:13385:10)
      at JSXParserMixin.parseProgram (/workspaces/simts/frontend/node_modules/@babel/parser/lib/index.js:12698:10)
      at JSXParserMixin.parseTopLevel (/workspaces/simts/frontend/node_modules/@babel/parser/lib/index.js:12688:25)
      at JSXParserMixin.parse (/workspaces/simts/frontend/node_modules/@babel/parser/lib/index.js:14568:25)
      at parse (/workspaces/simts/frontend/node_modules/@babel/parser/lib/index.js:14602:38)
      at parser (/workspaces/simts/frontend/node_modules/@babel/core/lib/parser/index.js:41:34)
      at parser.next (<anonymous>)
      at normalizeFile (/workspaces/simts/frontend/node_modules/@babel/core/lib/transformation/normalize-file.js:64:37)
      at normalizeFile.next (<anonymous>)
      at run (/workspaces/simts/frontend/node_modules/@babel/core/lib/transformation/index.js:22:50)
      at run.next (<anonymous>)
      at transform (/workspaces/simts/frontend/node_modules/@babel/core/lib/transform.js:22:33)
      at transform.next (<anonymous>)
      at step (/workspaces/simts/frontend/node_modules/gensync/index.js:261:32)
